------ IPMsg ver4.51(x64) -----
 Date        : 2017/07/01 12:22:05
 Start       : 2017/07/01 12:22:04
 OS Infos    : 06/01/1db1/01/00/100
 Mod Addr    : 0000000140000000
 Code/Adr/DC : C0000005 / 000007FEFBFE3127 / 0000000000000070
 AX/BX/CX/DX : 0000000000000001 / 0000000000000000 / 0000000000425AE0 / 0000000000000000
 SI/DI/BP/SP : 000007FEFC044478 / 0000000000000000 / 000000000012EE78 / 000000000012ED60
 08/09/10/11 : 00000000002A4140 / 000000000000000E / 0000000077077C50 / 00000000002A4150
 12/13/14/15 : 0000000000000000 / 0000000000000000 / 0000000000000000 / 0000000000286D50
 BT/BF/ET/EF : 0000000000000000 / 0000000000000000 / 0000000000000000 / 0000000000000000
------- pre stack info -----
0000000000000000 0000000000000000 000005C0FFFFFB30 000004D0FFFFFB30
00000000000000F0 0000000000000000 00000000C0000005 0000000000000000
000007FEFBFE3127 0000000000000002 0000000000000000 0000000000000008
0000000000000000 0000000000000000 0000000000000000 0000000000000000
0000000000000000 0000000000000000 0000000000000000 0000000000000000
0000000000000000 0000000000000000 0000000000000000 0000000000000000
0000000000000000 000007FEFBFE30B7 000007FEFBFE3127 0000000000000000
0000000000000007 000000000012ED60 0000000000000000 0000000000000000
------- stack info -----
0000000000425AE0 000007FEFBFA73FE 0000000000000000 000000000012EE78
000000000012EE78 0000000000000000 0000000000425AE0 000007FEFBFE2FD5
0000000000000000 000000000012EE78 000007FEFC044478 000000000012EDA0
0000000000000001 000000000012ED90 000007FEFC044478 000007FEFBFE3B9A
0000000000000000 000000000012F300 000000000012EE78 0000000000000000
0000000000000000 0000000000000000 0000000000000000 000000000012EED0
0000000000286D68 000000000012EED0 0000000000000000 0000000140006C6B
0000000000000000 000007FEFBFC7654 000000000044FF58 0000000000000000
000000000012EE70 0000000000286BE0 000000000044FF50 0000000000000000
0000000000000000 0000000140006B9E 0000000000000001 00000001401B0700
0000000000000000 0000000000000000 000000000012EEC8 70415C595649445C
6F4C5C6176F93518 000000000044FF50 2E67736D70690067 0000000000657865
00000000021C0298 0000000076F93518 00000000021C0000 0000000000000002
0000000000000018 0000000000000020 00000000021C0298 000000000012F000
0000000000286D68 0000000000000000 0000000000000000 00000001401EE748
0000000010000010 0000000076F95628 0000000000000000 0000000000000074
000007FEFD1275E4 0000000000000000 0000000000286D50 0000000000000000
00000001401DF388 0000000000286D68 00000000021C4180 0000000000000000
000007FEFB410000 0000000076E365B6 0000000000740073 000000000012F030
0000000000286D50 0000000000000000 00000000021C4180 0000000000000000
0000000000000000 000007FEFB5FFDB8 00000001401EE748 000007FEFB482BE6
0000000000000003 000007FEFB410000 0000000000000001 0000000000000010
0000000000000000 000007FEFB5FFDB8 6F646E69575C3A43 78536E69575C7377
5F3436646D615C53 666F736F7263696D 0000000077055410 0000000000000000
0000000000002440 0000000000230000 0000000000286BE0 0000000000002438
00000000002364C8 0000000076F93518 0000000000230000 2E73756C00000002
0000000000002438 0000000000002440 00000000002364C8 000000000012F1A0
0000000000286D50 0000000000000000 000000007715C800 0000000000286D68
0000CD86895F11C0 0000000000000000 0000000000286BE0 000000014012129A
0000000000000000 0000000000286BE0 00000001401DF388 0000000000286D68
0000000000000001 00000000021C3E20 00000001401EE748 000007FEFCFB3243
FFFFFFFFFFFFFFFE 0000000000000001 0000000000000001 000007FEFB482D56
000000000012F200 0000000000000000 0000000000286BE0 0000000001900010
000000000012F300 000007FEFCFB31FB 0000000000290B90 0000000140161000
0000000000001000 0000000000002438 000000000012F200 00000000000001CE
0000CD86895F2A50 0000000140007A23 0000000000286D50 0000000000000000
0000CD86895F0E50 0000000000286D68 0000000000286BE0 000000014011E8FE
0000000000000040 0000000000290B90 0000000001900010 0000000000286BE0
0000000002000002 00000000002347E0 0000000000290B90 FFFFFFFFFFFFFFFE
0000000000286BE0 0000000000230000 0000000000287FC0 0000000000000000
0000000000230000 000000000012F348 0000000077055401 0000000000000002
00000000000001CC 0000000077055430 0000000000230000 0000000000000000
0000000000000000 0000000076F71E36 0000000000286BD0 0000000000230000
0000000077055400 000000000000033F 0000000000000003 0000000076F97D70
0000000000130000 0000000002000002 0000000000003064 0000000000000000
0000000076F97B30 000000000012F450 0000000006000006 0000000000230158
0000000000230000 0000000076F71C80 000007FFFFFD3000 000007FFFFFDE000
0000000000000002 000000000000033F 000000000012F438 0000000076F97BF9
65762067734D5049 36782831352E3472 0000000000002934 0000000000120000
0000000000286BD0 0000000000286BE0 0000000000000000 0000000000120002
0000000000131C44 00000000013F0000 0000000000000001 000000000012F4D0
0000000000000E8C 0000000076F98956 73726573555C3A43 6F445C595649445C
0073746E656D7563 0000000000286BD0 0000000000286BE0 0000000000230158
0000000000286BD0 0000000076F9413D 0000000000230000 0000000000000173
0000000000000000 0000000000286BE0 00000000000001CC 0000000100000020
0000000000000000 0000000300000003 00000000000003FF 0000000000000173
0000000000000000 0000000000010199 0000000000000000 000000000025C710
0000000000279E00 0000000076D2FC15 000000000012F670 000000000025C710
000000000025C710 0000000076D2A57F 0000000000000173 0000000000000000
0000000100180016 00000000002347E0 00000000002347E0 0000000000286BE0
0000000000000000 0000000000000010 0000000000000000 0000000076F6ECD1
0000000000000001 0000000000000000 0000000000000000 000000000012F538
0000000000000000 0000000000230158 0000000000000000 0000000140000128
0000000000000008 00000000002347E0 000000000000C117 0000000000230000
---- reg point info ----
    72735c44 4956595c 41707044 6174615c 4c6f6361 6c5c5465 9dfdba22 f9c80008
Rcx 40d502fc fe070000 01000000 00000000 40412a00 00000000 ffffffff 00000000
    00000000 00000000 00000000 00000000 00000000 00000000 014d453d 44495659

    ffffffff 01000000 00000000 02000000 146f7589 36f20000 eb908a76 c90dffff
Rsi f84404fc fe070000 48ec02fc fe070000 0000fafb fe070000 00000000 00000000
    00000000 00000000 00000000 00000000 00000000 00000000 00000000 00000000

    00000000 00000000 70ee1200 00000000 e06b2800 00000000 50ff4400 00000000
Rbp 00000000 00000000 00000000 00000000 9e6b0040 01000000 01000000 00000000
    00071b40 01000000 00000000 00000000 00000000 00000000 c8ee1200 00000000

    07000000 00000000 60ed1200 00000000 00000000 00000000 00000000 00000000
Rsp e05a4200 00000000 fe73fafb fe070000 00000000 00000000 78ee1200 00000000
    78ee1200 00000000 00000000 00000000 e05a4200 00000000 d52ffefb fe070000

    00000000 00000000 00000000 00000000 00000000 00000000 875bd453 1f000090
R8  00000000 00000000 f05a4200 00000000 e0240777 00000000 d0402a00 00000000
    00000000 00000000 00000000 00000000 00000000 00000000 835bd453 1f000090

    00000000 00000000 00000000 00000000 00000000 00000000 00000000 00000000
R10 04003300 00000000 41422a00 00000000 00000000 00000000 00000000 00000000
    00000000 00000000 00000000 00000000 00000000 00000000 00000000 00000000

    00000000 00000000 875bd453 1f000090 00000000 00000000 f05a4200 00000000
R11 e0240777 00000000 d0402a00 00000000 00000000 00000000 00000000 00000000
    00000000 00000000 835bd453 1f000090 00000000 61006c00 b0ea2a00 00000000

    00000000 00fbff00 386d2800 00000000 386d2800 00000000 00000000 00000000
R15 506d2800 00000000 506d2800 00000000 00000000 00000000 01000000 01000000
    00000000 00000000 90042700 00000000 00000000 00000000 ffffffff 00000000

    90909090 90909090 9048895c 24084889 6c241048 89742418 574883ec 30488bfa
Rip 488b5208 488bf14c 8d41408b 4f04e8f6 02000048 8d2d3713 06008bd8 85c0795f
    488b0d2a 13060048 3bcd0f84 98000000 f6411c08 741c488b 49104c8d 05089d04

------------------------

------ IPMsg ver4.51(x64) -----
 Date        : 2017/07/08 16:07:29
 Start       : 2017/07/08 16:07:28
 OS Infos    : 06/01/1db1/01/00/100
 Mod Addr    : 0000000140000000
 Code/Adr/DC : C0000005 / 000007FEFBFF3127 / 0000000000000070
 AX/BX/CX/DX : 0000000000000001 / 0000000000000000 / 0000000000415AE0 / 0000000000000000
 SI/DI/BP/SP : 000007FEFC054478 / 0000000000000000 / 000000000012EE78 / 000000000012ED60
 08/09/10/11 : 0000000000264A00 / 000000000000000E / 0000000077217C50 / 0000000000264A10
 12/13/14/15 : 0000000000000000 / 0000000000000000 / 0000000000000000 / 0000000000246D50
 BT/BF/ET/EF : 0000000000000000 / 0000000000000000 / 0000000000000000 / 0000000000000000
------- pre stack info -----
0000000000000000 0000000000000000 000005C0FFFFFB30 000004D0FFFFFB30
00000000000000F0 0000000000000000 00000000C0000005 0000000000000000
000007FEFBFF3127 0000000000000002 0000000000000000 0000000000000008
0000000000000000 0000000000000000 0000000000000000 0000000000000000
0000000000000000 0000000000000000 0000000000000000 0000000000000000
0000000000000000 0000000000000000 0000000000000000 0000000000000000
0000000000000000 000007FEFBFF30B7 000007FEFBFF3127 0000000000000000
0000000000000007 000000000012ED60 0000000000000000 0000000000000000
------- stack info -----
0000000000415AE0 000007FEFBFB73FE 0000000000000000 000000000012EE78
000000000012EE78 0000000000000000 0000000000415AE0 000007FEFBFF2FD5
0000000000000000 000000000012EE78 000007FEFC054478 000000000012EDA0
0000000000000001 000000000012ED90 000007FEFC054478 000007FEFBFF3B9A
0000000000000000 000000000012F300 000000000012EE78 0000000000000000
0000000000000000 0000000000000000 0000000000000000 000000000012EED0
0000000000246D68 000000000012EED0 0000000000000000 0000000140006C6B
0000000000000000 000007FEFBFD7654 000000000030FF58 0000000000000000
000000000012EE70 0000000000246BE0 000000000030FF50 0000000000000000
0000000000000000 0000000140006B9E 0000000000000001 00000001401B0700
0000000000000000 0000000000000000 000000000012EEC8 70415C595649445C
6F4C5C6177133518 000000000030FF50 2E67736D70690067 0000000000657865
00000000023B0298 0000000077133518 00000000023B0000 0000000000000002
0000000000000018 0000000000000020 00000000023B0298 000000000012F000
0000000000246D68 0000000000000000 0000000000000000 00000001401EE748
0000000010000010 0000000077135628 0000000000000000 0000000000000074
000007FEFD2D9572 0000000000000000 0000000000246D50 0000000000000000
00000001401DF388 0000000000246D68 00000000023B4180 0000000000000000
000007FEFB5B0000 0000000076ED65B6 0000000000740073 000000000012F030
0000000000246D50 0000000000000000 00000000023B4180 0000000000000000
0000000000000000 000007FEFB79FDB8 00000001401EE748 000007FEFB622BE6
0000000000000003 000007FEFB5B0000 0000000000000001 0000000000000010
0000000000000000 000007FEFB79FDB8 6F646E69575C3A43 78536E69575C7377
5F3436646D615C53 666F736F7263696D 00000000771F5410 0000000000000000
0000000000002440 00000000001F0000 0000000000246BE0 0000000000002438
00000000001F64C8 0000000077133518 00000000001F0000 2E73756C00000002
0000000000002438 0000000000002440 00000000001F64C8 000000000012F1A0
0000000000246D50 0000000000000000 0000000077332800 0000000000246D68
0000ED90354E224B 0000000000000000 0000000000246BE0 000000014012129A
0000000000000000 0000000000246BE0 00000001401DF388 0000000000246D68
0000000000000001 00000000023B3E20 00000001401EE748 000007FEFD3A3243
FFFFFFFFFFFFFFFE 0000000000000001 0000000000000001 000007FEFB622D56
000000000012F200 0000000000000000 0000000000246BE0 0000000001900010
000000000012F300 000007FEFD3A31FB 0000000000250B90 0000000140161000
0000000000001000 0000000000002438 000000000012F200 000000000000016A
0000ED90354E19DB 0000000140007A23 0000000000246D50 0000000000000000
0000ED90354E3DDB 0000000000246D68 0000000000246BE0 000000014011E8FE
0000000000000040 0000000000250B90 0000000001900010 0000000000246BE0
0000000002000002 00000000001F47E0 0000000000250B90 FFFFFFFFFFFFFFFE
0000000000246BE0 00000000001F0000 0000000000247FC0 0000000000000000
00000000001F0000 000000000012F348 00000000771F5401 0000000000000002
00000000000001CC 00000000771F5430 00000000001F0000 0000000000000000
0000000000000000 0000000077111E36 0000000000246BD0 00000000001F0000
00000000771F5400 000000000000033F 0000000000000003 0000000077137D70
0000000000130000 0000000002000002 0000000000003064 0000000000000000
0000000077137B30 000000000012F450 0000000006000006 00000000001F0158
00000000001F0000 0000000077111C80 000007FFFFFD3000 000007FFFFFDE000
0000000000000002 000000000000033F 000000000012F438 0000000077137BF9
65762067734D5049 36782831352E3472 0000000000002934 0000000000120000
0000000000246BD0 0000000000246BE0 0000000000000000 0000000000120002
0000000000131C44 00000000013F0000 0000000000000001 000000000012F4D0
0000000000000E8C 0000000077138956 73726573555C3A43 6F445C595649445C
0073746E656D7563 0000000000246BD0 0000000000246BE0 00000000001F0158
0000000000246BD0 000000007713413D 00000000001F0000 0000000000000173
0000000000000000 0000000000246BE0 00000000000001CC 0000000100000020
0000000000000000 0000000300000003 00000000000003FF 0000000000000173
0000000000000000 000000000001014C 0000000000000000 000000000021C710
0000000000239E00 0000000076FEFC15 000000000012F670 000000000021C710
000000000021C710 0000000076FEA57F 0000000000000173 0000000000000000
0000000100180016 00000000001F47E0 00000000001F47E0 0000000000246BE0
0000000000000000 0000000000000010 0000000000000000 000000007710ECD1
0000000000000001 0000000000000000 0000000000000000 000000000012F538
0000000000000000 00000000001F0158 0000000000000000 0000000140000128
0000000000000008 00000000001F47E0 000000000000C11A 00000000001F0000
---- reg point info ----
    72735c44 4956595c 41707044 6174615c 4c6f6361 6c5c5465 6dad920d 734a0008
Rcx 40d503fc fe070000 01000000 00000000 004a2600 00000000 ffffffff 00000000
    00000000 00000000 00000000 00000000 00000000 00000000 014d453d 44495659

    ffffffff 01000000 00000000 02000000 f349c636 d6f70000 0cb639c9 2908ffff
Rsi f84405fc fe070000 48ec03fc fe070000 0000fbfb fe070000 00000000 00000000
    00000000 00000000 00000000 00000000 00000000 00000000 00000000 00000000

    00000000 00000000 70ee1200 00000000 e06b2400 00000000 50ff3000 00000000
Rbp 00000000 00000000 00000000 00000000 9e6b0040 01000000 01000000 00000000
    00071b40 01000000 00000000 00000000 00000000 00000000 c8ee1200 00000000

    07000000 00000000 60ed1200 00000000 00000000 00000000 00000000 00000000
Rsp e05a4100 00000000 fe73fbfb fe070000 00000000 00000000 78ee1200 00000000
    78ee1200 00000000 00000000 00000000 e05a4100 00000000 d52ffffb fe070000

    00000000 00000000 00000000 00000000 00000000 00000000 5402a225 3e000090
R8  00000000 00000000 f05a4100 00000000 e0242177 00000000 90492600 00000000
    00000000 00000000 00000000 00000000 00000000 00000000 6802a225 3e000090

    00000000 00000000 00000000 00000000 00000000 00000000 00000000 00000000
R10 04003300 00000000 014b2600 00000000 00000000 00000000 00000000 00000000
    00000000 00000000 00000000 00000000 00000000 00000000 00000000 00000000

    00000000 00000000 5402a225 3e000090 00000000 00000000 f05a4100 00000000
R11 e0242177 00000000 90492600 00000000 00000000 00000000 00000000 00000000
    00000000 00000000 6802a225 3e000090 00000000 61006c00 50002700 00000000

    00000000 00fbff00 386d2400 00000000 386d2400 00000000 00000000 00000000
R15 506d2400 00000000 506d2400 00000000 00000000 00000000 01000000 01000000
    00000000 00000000 90042300 00000000 00000000 00000000 ffffffff 00000000

    90909090 90909090 9048895c 24084889 6c241048 89742418 574883ec 30488bfa
Rip 488b5208 488bf14c 8d41408b 4f04e8f6 02000048 8d2d3713 06008bd8 85c0795f
    488b0d2a 13060048 3bcd0f84 98000000 f6411c08 741c488b 49104c8d 05089d04

------------------------

------ IPMsg ver4.51(x64) -----
 Date        : 2017/07/08 16:14:57
 Start       : 2017/07/08 16:14:57
 OS Infos    : 06/01/1db1/01/00/100
 Mod Addr    : 0000000140000000
 Code/Adr/DC : C0000005 / 000007FEFCA63127 / 0000000000000070
 AX/BX/CX/DX : 0000000000000001 / 0000000000000000 / 0000000000505AE0 / 0000000000000000
 SI/DI/BP/SP : 000007FEFCAC4478 / 0000000000000000 / 000000000012EE78 / 000000000012ED60
 08/09/10/11 : 0000000000234A00 / 000000000000000E / 0000000077C87C50 / 0000000000234A10
 12/13/14/15 : 0000000000000000 / 0000000000000000 / 0000000000000000 / 0000000000216D50
 BT/BF/ET/EF : 0000000000000000 / 0000000000000000 / 0000000000000000 / 0000000000000000
------- pre stack info -----
0000000000000000 0000000000000000 000005C0FFFFFB30 000004D0FFFFFB30
00000000000000F0 0000000000000000 00000000C0000005 0000000000000000
000007FEFCA63127 0000000000000002 0000000000000000 0000000000000008
0000000000000000 0000000000000000 0000000000000000 0000000000000000
0000000000000000 0000000000000000 0000000000000000 0000000000000000
0000000000000000 0000000000000000 0000000000000000 0000000000000000
0000000000000000 000007FEFCA630B7 000007FEFCA63127 0000000000000000
0000000000000007 000000000012ED60 0000000000000000 0000000000000000
------- stack info -----
0000000000505AE0 000007FEFCA273FE 0000000000000000 000000000012EE78
000000000012EE78 0000000000000000 0000000000505AE0 000007FEFCA62FD5
0000000000000000 000000000012EE78 000007FEFCAC4478 000000000012EDA0
0000000000000001 000000000012ED90 000007FEFCAC4478 000007FEFCA63B9A
0000000000000000 000000000012F300 000000000012EE78 0000000000000000
0000000000000000 0000000000000000 0000000000000000 000000000012EED0
0000000000216D68 000000000012EED0 0000000000000000 0000000140006C6B
0000000000000000 000007FEFCA47654 000000000034FF58 0000000000000000
000000000012EE70 0000000000216BE0 000000000034FF50 0000000000000000
0000000000000000 0000000140006B9E 0000000000000001 00000001401B0700
0000000000000000 0000000000000000 000000000012EEC8 70415C595649445C
6F4C5C6177BA3518 000000000034FF50 2E67736D70690067 0000000000657865
0000000002210298 0000000077BA3518 0000000002210000 0000000000000002
0000000000000018 0000000000000020 0000000002210298 000000000012F000
0000000000216D68 0000000000000000 0000000000000000 00000001401EE748
0000000010000010 0000000077BA5628 0000000000000000 0000000000000074
000007FEFDF492B2 0000000000000000 0000000000216D50 0000000000000000
00000001401DF388 0000000000216D68 0000000002214180 0000000000000000
000007FEFC020000 0000000077A465B6 0000000000740073 000000000012F030
0000000000216D50 0000000000000000 0000000002214180 0000000000000000
0000000000000000 000007FEFC20FDB8 00000001401EE748 000007FEFC092BE6
0000000000000003 000007FEFC020000 0000000000000001 0000000000000010
0000000000000000 000007FEFC20FDB8 6F646E69575C3A43 78536E69575C7377
5F3436646D615C53 666F736F7263696D 0000000077C65410 0000000000000000
0000000000002440 00000000001C0000 0000000000216BE0 0000000000002438
00000000001C64C8 0000000077BA3518 00000000001C0000 2E73756C00000002
0000000000002438 0000000000002440 00000000001C64C8 000000000012F1A0
0000000000216D50 0000000000000000 0000000077DA2F00 0000000000216D68
0000119639390ACA 0000000000000000 0000000000216BE0 000000014012129A
0000000000000000 0000000000216BE0 00000001401DF388 0000000000216D68
0000000000000001 0000000002213E20 00000001401EE748 000007FEFDE13243
FFFFFFFFFFFFFFFE 0000000000000001 0000000000000001 000007FEFC092D56
000000000012F200 0000000000000000 0000000000216BE0 0000000001900010
000000000012F300 000007FEFDE131FB 0000000000220B90 0000000140161000
0000000000001000 0000000000002438 000000000012F200 000000000000016A
000011963939315A 0000000140007A23 0000000000216D50 0000000000000000
000011963939155A 0000000000216D68 0000000000216BE0 000000014011E8FE
0000000000000040 0000000000220B90 0000000001900010 0000000000216BE0
0000000002000002 00000000001C47E0 0000000000220B90 FFFFFFFFFFFFFFFE
0000000000216BE0 00000000001C0000 0000000000217FC0 0000000000000000
00000000001C0000 000000000012F348 0000000077C65401 0000000000000002
00000000000001CC 0000000077C65430 00000000001C0000 0000000000000000
0000000000000000 0000000077B81E36 0000000000216BD0 00000000001C0000
0000000077C65400 000000000000033F 0000000000000003 0000000077BA7D70
0000000000130000 0000000002000002 0000000000003064 0000000000000000
0000000077BA7B30 000000000012F450 0000000006000006 00000000001C0158
00000000001C0000 0000000077B81C80 000007FFFFFDF000 000007FFFFFDD000
0000000000000002 000000000000033F 000000000012F438 0000000077BA7BF9
65762067734D5049 36782831352E3472 0000000000002934 0000000000120000
0000000000216BD0 0000000000216BE0 0000000000000000 0000000000120002
0000000000131C44 00000000013F0000 0000000000000001 000000000012F4D0
0000000000000E8C 0000000077BA8956 73726573555C3A43 6F445C595649445C
0073746E656D7563 0000000000216BD0 0000000000216BE0 00000000001C0158
0000000000216BD0 0000000077BA413D 00000000001C0000 0000000000000173
0000000000000000 0000000000216BE0 00000000000001CC 0000000100000020
0000000000000000 0000000300000003 00000000000003FF 0000000000000173
0000000000000000 0000000000010159 0000000000000000 00000000001EC710
0000000000209E00 000000007793FC15 000000000012F670 00000000001EC710
00000000001EC710 000000007793A57F 0000000000000173 0000000000000000
0000000100180016 00000000001C47E0 00000000001C47E0 0000000000216BE0
0000000000000000 0000000000000010 0000000000000000 0000000077B7ECD1
0000000000000001 0000000000000000 0000000000000000 000000000012F538
0000000000000000 00000000001C0158 0000000000000000 0000000140000128
0000000000000008 00000000001C47E0 000000000000C10F 00000000001C0000
---- reg point info ----
    72735c44 4956595c 41707044 6174615c 4c6f6361 6c5c5465 5e8d3e68 cf5c0008
Rcx 40d5aafc fe070000 01000000 00000000 004a2300 00000000 ffffffff 00000000
    00000000 00000000 00000000 00000000 00000000 00000000 014d453d 44495659

    ffffffff 01000000 00000000 02000000 12808739 d7f70000 ed7f78c6 2808ffff
Rsi f844acfc fe070000 48ecaafc fe070000 0000a2fc fe070000 00000000 00000000
    00000000 00000000 00000000 00000000 00000000 00000000 00000000 00000000

    00000000 00000000 70ee1200 00000000 e06b2100 00000000 50ff3400 00000000
Rbp 00000000 00000000 00000000 00000000 9e6b0040 01000000 01000000 00000000
    00071b40 01000000 00000000 00000000 00000000 00000000 c8ee1200 00000000

    07000000 00000000 60ed1200 00000000 00000000 00000000 00000000 00000000
Rsp e05a5000 00000000 fe73a2fc fe070000 00000000 00000000 78ee1200 00000000
    78ee1200 00000000 00000000 00000000 e05a5000 00000000 d52fa6fc fe070000

    00000000 00000000 00000000 00000000 00000000 00000000 55605b5d 77000090
R8  00000000 00000000 f05a5000 00000000 e024c877 00000000 90492300 00000000
    00000000 00000000 00000000 00000000 00000000 00000000 69605b5d 77000090

    00000000 00000000 00000000 00000000 00000000 00000000 00000000 00000000
R10 04003300 00000000 014b2300 00000000 00000000 00000000 00000000 00000000
    00000000 00000000 00000000 00000000 00000000 00000000 00000000 00000000

    00000000 00000000 55605b5d 77000090 00000000 00000000 f05a5000 00000000
R11 e024c877 00000000 90492300 00000000 00000000 00000000 00000000 00000000
    00000000 00000000 69605b5d 77000090 00000000 61006c00 50002400 00000000

    00000000 00fbff00 386d2100 00000000 386d2100 00000000 00000000 00000000
R15 506d2100 00000000 506d2100 00000000 00000000 00000000 01000000 01000000
    00000000 00000000 90042000 00000000 00000000 00000000 ffffffff 00000000

    90909090 90909090 9048895c 24084889 6c241048 89742418 574883ec 30488bfa
Rip 488b5208 488bf14c 8d41408b 4f04e8f6 02000048 8d2d3713 06008bd8 85c0795f
    488b0d2a 13060048 3bcd0f84 98000000 f6411c08 741c488b 49104c8d 05089d04

------------------------

------ IPMsg ver4.51(x64) -----
 Date        : 2017/10/16 10:45:51
 Start       : 2017/10/16 10:45:51
 OS Infos    : 06/01/1db1/01/00/100
 Mod Addr    : 0000000140000000
 Code/Adr/DC : C0000005 / 000007FEFC233127 / 0000000000000070
 AX/BX/CX/DX : 0000000000000001 / 0000000000000000 / 0000000000219280 / 0000000000000000
 SI/DI/BP/SP : 000007FEFC294478 / 0000000000000000 / 000000000012EE78 / 000000000012ED60
 08/09/10/11 : 0000000000297A30 / 000000000000009C / 0000000077457C50 / 0000000000297A40
 12/13/14/15 : 0000000000000000 / 0000000000000000 / 0000000000000000 / 00000000002778A0
 BT/BF/ET/EF : 0000000000000000 / 0000000000000000 / 0000000000000000 / 0000000000000000
------- pre stack info -----
0000000000000000 0000000000000000 000005C0FFFFFB30 000004D0FFFFFB30
00000000000000F0 0000000000000000 00000000C0000005 0000000000000000
000007FEFC233127 0000000000000002 0000000000000000 0000000000000008
0000000000000000 0000000000000000 0000000000000000 0000000000000000
0000000000000000 0000000000000000 0000000000000000 0000000000000000
0000000000000000 0000000000000000 0000000000000000 0000000000000000
0000000000000000 000007FEFC2330B7 000007FEFC233127 0000000000000000
000000000000000E 000000000012ED60 0000000000000000 0000000000000000
------- stack info -----
0000000000219280 000007FEFC1F73FE 0000000000000000 000000000012EE78
000000000012EE78 0000000000000000 0000000000219280 000007FEFC232FD5
0000000000000000 000000000012EE78 000007FEFC294478 000000000012EDA0
0000000000000001 000000000012ED90 000007FEFC294478 000007FEFC233B9A
0000000000000000 000000000012F300 000000000012EE78 0000000000000000
0000000000000000 0000000000000000 0000000000000000 000000000012EED0
00000000002778B8 000000000012EED0 0000000000000000 0000000140006C6B
0000000000000000 000007FEFC217654 0000000000219238 0000000000000000
000000000012EE70 0000000000277730 0000000000219230 0000000000000000
0000000000000000 0000000140006B9E 0000000000000001 00000001401B0700
0000000000000000 0000000000000000 000000000012EEC8 70415C595649445C
6F4C5C6177373518 0000000000219230 2E67736D70690067 0000000000657865
0000000002470298 0000000077373518 0000000002470000 0000000000000002
0000000000000018 0000000000000020 0000000002470298 000000000012F000
00000000002778B8 0000000000000000 0000000000000000 00000001401EE748
0000000010000010 0000000077375628 0000000000000000 0000000000000074
000007FEFD716D1B 0000000000000000 00000000002778A0 0000000000000000
00000001401DF388 00000000002778B8 0000000002474180 0000000000000000
000007FEFB7F0000 00000000771165B6 0000000000740073 000000000012F030
00000000002778A0 0000000000000000 0000000002474180 0000000000000000
0000000000000000 000007FEFB9DFDB8 00000001401EE748 000007FEFB862BE6
0000000000000003 000007FEFB7F0000 0000000000000001 0000000000000010
0000000000000000 000007FEFB9DFDB8 6F646E69575C3A43 78536E69575C7377
5F3436646D615C53 666F736F7263696D 0000000077435410 0000000000000000
0000000000002440 0000000000220000 0000000000277730 0000000000002438
0000000000226B38 0000000077373518 0000000000220000 2E73756C00000002
0000000000002438 0000000000002440 0000000000226B38 000000000012F1A0
00000000002778A0 0000000000000000 000000007757D000 00000000002778B8
00001820D36ABBD7 0000000000000000 0000000000277730 000000014012129A
0000000000000000 0000000000277730 00000001401DF388 00000000002778B8
0000000000000001 0000000002473E20 00000001401EE748 000007FEFD5E3243
FFFFFFFFFFFFFFFE 0000000000000001 0000000000000001 000007FEFB862D56
000000000012F200 0000000000000000 0000000000277730 0000000001900010
000000000012F300 000007FEFD5E31FB 0000000000281620 0000000140161000
0000000000001000 0000000000002438 000000000012F200 00000000000000C5
00001820D36A8047 0000000140007A23 00000000002778A0 0000000000000000
00001820D36AA447 00000000002778B8 0000000000277730 000000014011E8FE
0000000000000040 0000000000281620 0000000001900010 0000000000277730
0000000015000015 0000000000220230 0000000000281620 FFFFFFFFFFFFFFFE
0000000000277730 0000000000220000 0000000000277FC0 0000000000000000
0000000000220000 000000000012F348 0000000077435401 0000000000000002
00000000000001CC 0000000077435430 0000000000220000 0000000000000000
0000000000000000 0000000077351E36 0000000000277720 0000000000220000
0000000077435400 000000000000028A 0000000000000003 0000000077377D70
0000000000130000 0000000015000015 0000000000003064 0000000000000000
0000000077377B30 000000000012F450 0000000006000006 0000000000220158
0000000000220000 0000000077351C80 000007FFFFFD8000 000007FFFFFDE000
0000000000000002 000000000000028A 000000000012F438 0000000077377BF9
65762067734D5049 36782831352E3472 0000000000002934 0000000000120000
0000000000277720 0000000000277730 0000000000000000 0000000000120015
0000000000131C44 00000000008A0000 0000000000000001 000000000012F4D0
0000000000000E8C 0000000077378956 73726573555C3A43 6F445C595649445C
0073746E656D7563 0000000000277720 0000000000277730 0000000000220158
0000000000277720 000000007737413D 0000000000220000 00000000000000BE
0000000000000000 0000000000277730 00000000000001CC 0000000100000020
0000000000000000 0000000300000003 00000000000003FF 00000000000000BE
0000000000000000 0000000000020187 0000000000000000 000000000024CE30
0000000000272790 000000007722FC15 000000000012F670 000000000024CE30
000000000024CE30 000000007722A57F 00000000000000BE 0000000000000000
0000000100180016 0000000000224E50 0000000000224E50 0000000000277730
0000000000000000 0000000000000010 0000000000000000 000000007734ECD1
0000000000000001 0000000000000000 0000000000000000 000000000012F538
0000000000000000 0000000000220158 0000000000000000 0000000140000128
0000000000000008 0000000000224E50 000000000000C116 0000000000220000
---- reg point info ----
    00000000 00000000 01000000 00000000 00000000 00000000 1cfe9804 a7ab0008
Rcx 40d527fc fe070000 01000000 00000000 307a2900 00000000 ffffffff 00000000
    00000000 00000000 00000000 00000000 00000000 00000000 01000000 00000000

    ffffffff 01000000 00000000 02000000 a8c4bdd3 3d460000 573b422c c2b9ffff
Rsi f84429fc fe070000 48ec27fc fe070000 00001ffc fe070000 00000000 00000000
    00000000 00000000 00000000 00000000 00000000 00000000 00000000 00000000

    00000000 00000000 70ee1200 00000000 30772700 00000000 30922100 00000000
Rbp 00000000 00000000 00000000 00000000 9e6b0040 01000000 01000000 00000000
    00071b40 01000000 00000000 00000000 00000000 00000000 c8ee1200 00000000

    0e000000 00000000 60ed1200 00000000 00000000 00000000 00000000 00000000
Rsp 80922100 00000000 fe731ffc fe070000 00000000 00000000 78ee1200 00000000
    78ee1200 00000000 00000000 00000000 80922100 00000000 d52f23fc fe070000

    00000000 00000000 00000000 00000000 00000000 00000000 354db76d 8e000090
R8  00000000 00000000 90922100 00000000 e0244577 00000000 c0792900 00000000
    00000000 00000000 00000000 00000000 00000000 00000000 314db76d 8e000090

    00000000 00000000 00000000 00000000 00000000 00000000 00000000 00000000
R10 04003300 00000000 915d2a00 00000000 00000000 00000000 00000000 00000000
    00000000 00000000 00000000 00000000 00000000 00000000 00000000 00000000

    00000000 00000000 354db76d 8e000090 00000000 00000000 90922100 00000000
R11 e0244577 00000000 c0792900 00000000 00000000 00000000 00000000 00000000
    00000000 00000000 314db76d 8e000090 00000000 61006c00 20712a00 00000000

    00000000 00fbff00 88782700 00000000 88782700 00000000 00000000 00000000
R15 a0782700 00000000 a0782700 00000000 00000000 00000000 01000000 01000000
    00000000 00000000 90242600 00000000 00000000 00000000 ffffffff 00000000

    90909090 90909090 9048895c 24084889 6c241048 89742418 574883ec 30488bfa
Rip 488b5208 488bf14c 8d41408b 4f04e8f6 02000048 8d2d3713 06008bd8 85c0795f
    488b0d2a 13060048 3bcd0f84 98000000 f6411c08 741c488b 49104c8d 05089d04

------------------------

------ IPMsg ver4.51(x64) -----
 Date        : 2009/01/01 00:01:40
 Start       : 2009/01/01 00:01:39
 OS Infos    : 06/01/1db1/01/00/100
 Mod Addr    : 0000000140000000
 Code/Adr/DC : C0000005 / 000007FEFC683127 / 0000000000000070
 AX/BX/CX/DX : 0000000000000001 / 0000000000000000 / 000000000031FED0 / 0000000000000000
 SI/DI/BP/SP : 000007FEFC6E4478 / 0000000000000000 / 000000000012EE78 / 000000000012ED60
 08/09/10/11 : 0000000000277AB0 / 0000000000000012 / 0000000077717C50 / 0000000000277AC0
 12/13/14/15 : 0000000000000000 / 0000000000000000 / 0000000000000000 / 0000000000257930
 BT/BF/ET/EF : 0000000000000000 / 0000000000000000 / 0000000000000000 / 0000000000000000
------- pre stack info -----
0000000000000000 0000000000000000 000005C0FFFFFB30 000004D0FFFFFB30
00000000000000F0 0000000000000000 00000000C0000005 0000000000000000
000007FEFC683127 0000000000000002 0000000000000000 0000000000000008
0000000000000000 0000000000000000 0000000000000000 0000000000000000
0000000000000000 0000000000000000 0000000000000000 0000000000000000
0000000000000000 0000000000000000 0000000000000000 0000000000000000
0000000000000000 000007FEFC6830B7 000007FEFC683127 0000000000000000
0000000000000009 000000000012ED60 0000000000000000 0000000000000000
------- stack info -----
000000000031FED0 000007FEFC6473FE 0000000000000000 000000000012EE78
000000000012EE78 0000000000000000 000000000031FED0 000007FEFC682FD5
0000000000000000 000000000012EE78 000007FEFC6E4478 000000000012EDA0
0000000000000001 000000000012ED90 000007FEFC6E4478 000007FEFC683B9A
0000000000000000 000000000012F300 000000000012EE78 0000000000000000
0000000000000000 0000000000000000 0000000000000000 000000000012EED0
0000000000257948 000000000012EED0 0000000000000000 0000000140006C6B
0000000000000000 000007FEFC667654 0000000000465D58 0000000000000000
000000000012EE70 00000000002577C0 0000000000465D50 0000000000000000
0000000000000000 0000000140006B9E 0000000000000001 00000001401B0700
0000000000000000 0000000000000000 000000000012EEC8 70415C595649445C
6F4C5C6177633518 0000000000465D50 2E67736D70690067 0000000000657865
00000000021A0298 0000000077633518 00000000021A0000 0000000000000002
0000000000000018 0000000000000020 00000000021A0298 000000000012F000
0000000000257948 0000000000000000 0000000000000000 00000001401EE748
000000001B00001B 0000000077635628 0000000000000000 0000000000000074
000007FEFD7A775E 0000000000000000 0000000000257930 0000000000000000
00000001401DF388 0000000000257948 00000000021A4180 0000000000000000
000007FEFBAB0000 00000000773D65B6 0000000000740073 000000000012F030
0000000000257930 0000000000000000 00000000021A4180 0000000000000000
0000000000000000 000007FEFBC9FDB8 00000001401EE748 000007FEFBB22BE6
0000000000000003 000007FEFBAB0000 0000000000000001 0000000000000010
0000000000000000 000007FEFBC9FDB8 6F646E69575C3A43 78536E69575C7377
5F3436646D615C53 666F736F7263696D 00000000776F5410 0000000000000000
0000000000002440 0000000000200000 00000000002577C0 0000000000002438
0000000000206B68 0000000077633518 0000000000200000 2E73756C00000002
0000000000002438 0000000000002440 0000000000206B68 000000000012F1A0
0000000000257930 0000000000000000 000000007763CA00 0000000000257948
0000E125016D37F7 0000000000000000 00000000002577C0 000000014012129A
0000000000000000 00000000002577C0 00000001401DF388 0000000000257948
0000000000000001 00000000021A3E20 00000001401EE748 000007FEFD633243
FFFFFFFFFFFFFFFE 0000000000000001 0000000000000001 000007FEFBB22D56
000000000012F200 0000000000000000 00000000002577C0 0000000001900010
000000000012F300 000007FEFD6331FB 00000000002616A0 0000000140161000
0000000000001000 0000000000002438 000000000012F200 00000000000000BD
0000E125016D0C67 0000000140007A23 0000000000257930 0000000000000000
0000E125016D2867 0000000000257948 00000000002577C0 000000014011E8FE
0000000000000040 00000000002616A0 0000000001900010 00000000002577C0
0000000015000015 0000000000200230 00000000002616A0 FFFFFFFFFFFFFFFE
00000000002577C0 0000000000200000 0000000000257FC0 0000000000000000
0000000000200000 000000000012F348 00000000776F5401 0000000000000002
00000000000001CC 00000000776F5430 0000000000200000 0000000000000000
0000000000000000 0000000077611E36 00000000002577B0 0000000000200000
00000000776F5400 0000000000000281 0000000000000003 0000000077637D70
0000000000130000 0000000015000015 0000000000003064 0000000000000000
0000000077637B30 000000000012F450 0000000006000006 0000000000200158
0000000000200000 0000000077611C80 000007FFFFFDF000 000007FFFFFDD000
0000000000000002 0000000000000281 000000000012F438 0000000077637BF9
65762067734D5049 36782831352E3472 0000000000002934 0000000000120000
00000000002577B0 00000000002577C0 0000000000000000 0000000000120015
0000000000131C44 0000000000810000 0000000000000001 000000000012F4D0
0000000000000E8C 0000000077638956 73726573555C3A43 6F445C595649445C
0073746E656D7563 00000000002577B0 00000000002577C0 0000000000200158
00000000002577B0 000000007763413D 0000000000200000 00000000000000B5
0000000000000000 00000000002577C0 00000000000001CC 0000000100000020
0000000000000000 0000000300000003 00000000000003FF 00000000000000B5
0000000000000000 00000000000500CF 0000000000000000 000000000022CE90
0000000000252820 00000000774EFC15 000000000012F670 000000000022CE90
000000000022CE90 00000000774EA57F 00000000000000B5 0000000000000000
0000000100180016 0000000000204E80 0000000000204E80 00000000002577C0
0000000000000000 0000000000000010 0000000000000000 000000007760ECD1
0000000000000001 0000000000000000 0000000000000000 000000000012F538
0000000000000000 0000000000200158 0000000000000000 0000000140000128
0000000000000008 0000000000204E80 000000000000C0FE 0000000000200000
---- reg point info ----
    00000000 00000000 00000000 00000000 00000000 00000000 00549906 cc180208
Rcx 40d56cfc fe070000 01000000 00000000 b07a2700 00000000 ffffffff 00000000
    00000000 00000000 00000000 00000000 00000000 00000000 01000000 00000000

    ffffffff 01000000 00000000 02000000 289eb300 766b0000 d7614cff 8994ffff
Rsi f8446efc fe070000 48ec6cfc fe070000 000064fc fe070000 00000000 00000000
    00000000 00000000 00000000 00000000 00000000 00000000 00000000 00000000

    00000000 00000000 70ee1200 00000000 c0772500 00000000 505d4600 00000000
Rbp 00000000 00000000 00000000 00000000 9e6b0040 01000000 01000000 00000000
    00071b40 01000000 00000000 00000000 00000000 00000000 c8ee1200 00000000

    09000000 00000000 60ed1200 00000000 00000000 00000000 00000000 00000000
Rsp d0fe3100 00000000 fe7364fc fe070000 00000000 00000000 78ee1200 00000000
    78ee1200 00000000 00000000 00000000 d0fe3100 00000000 d52f68fc fe070000

    00000000 00000000 00000000 00000000 00000000 00000000 37bf7c43 b1000090
R8  00000000 00000000 e0fe3100 00000000 e0247177 00000000 407a2700 00000000
    00000000 00000000 00000000 00000000 00000000 00000000 33bf7c43 b1000090

    00000000 00000000 00000000 00000000 00000000 00000000 00000000 00000000
R10 04003300 00000000 119e2800 00000000 00000000 00000000 00000000 00000000
    00000000 00000000 00000000 00000000 00000000 00000000 00000000 00000000

    00000000 00000000 37bf7c43 b1000090 00000000 00000000 e0fe3100 00000000
R11 e0247177 00000000 407a2700 00000000 00000000 00000000 00000000 00000000
    00000000 00000000 33bf7c43 b1000090 00000000 61006c00 60092800 00000000

    00000000 00fbff00 18792500 00000000 18792500 00000000 00000000 00000000
R15 30792500 00000000 30792500 00000000 00000000 00000000 01000000 01000000
    00000000 00000000 20252400 00000000 00000000 00000000 ffffffff 00000000

    90909090 90909090 9048895c 24084889 6c241048 89742418 574883ec 30488bfa
Rip 488b5208 488bf14c 8d41408b 4f04e8f6 02000048 8d2d3713 06008bd8 85c0795f
    488b0d2a 13060048 3bcd0f84 98000000 f6411c08 741c488b 49104c8d 05089d04

------------------------

------ IPMsg ver4.51(x64) -----
 Date        : 2018/01/13 09:43:22
 Start       : 2018/01/13 09:43:22
 OS Infos    : 06/01/1db1/01/00/100
 Mod Addr    : 0000000140000000
 Code/Adr/DC : C0000005 / 000007FEFCA93127 / 0000000000000070
 AX/BX/CX/DX : 0000000000000001 / 0000000000000000 / 000000000030FED0 / 0000000000000000
 SI/DI/BP/SP : 000007FEFCAF4478 / 0000000000000000 / 000000000012EE78 / 000000000012ED60
 08/09/10/11 : 0000000000265870 / 0000000000000012 / 0000000077B27C50 / 0000000000265880
 12/13/14/15 : 0000000000000000 / 0000000000000000 / 0000000000000000 / 0000000000247930
 BT/BF/ET/EF : 0000000000000000 / 0000000000000000 / 0000000000000000 / 0000000000000000
------- pre stack info -----
0000000000000000 0000000000000000 000005C0FFFFFB30 000004D0FFFFFB30
00000000000000F0 0000000000000000 00000000C0000005 0000000000000000
000007FEFCA93127 0000000000000002 0000000000000000 0000000000000008
0000000000000000 0000000000000000 0000000000000000 0000000000000000
0000000000000000 0000000000000000 0000000000000000 0000000000000000
0000000000000000 0000000000000000 0000000000000000 0000000000000000
0000000000000000 000007FEFCA930B7 000007FEFCA93127 0000000000000000
0000000000000009 000000000012ED60 0000000000000000 0000000000000000
------- stack info -----
000000000030FED0 000007FEFCA573FE 0000000000000000 000000000012EE78
000000000012EE78 0000000000000000 000000000030FED0 000007FEFCA92FD5
0000000000000000 000000000012EE78 000007FEFCAF4478 000000000012EDA0
0000000000000001 000000000012ED90 000007FEFCAF4478 000007FEFCA93B9A
0000000000000000 000000000012F300 000000000012EE78 0000000000000000
0000000000000000 0000000000000000 0000000000000000 000000000012EED0
0000000000247948 000000000012EED0 0000000000000000 0000000140006C6B
0000000000000000 000007FEFCA77654 00000000004D5D58 0000000000000000
000000000012EE70 00000000002477C0 00000000004D5D50 0000000000000000
0000000000000000 0000000140006B9E 0000000000000001 00000001401B0700
0000000000000000 0000000000000000 000000000012EEC8 70415C595649445C
6F4C5C6177A43518 00000000004D5D50 2E67736D70690067 0000000000657865
0000000000420298 0000000077A43518 0000000000420000 0000000000000002
0000000000000018 0000000000000020 0000000000420298 000000000012F000
0000000000247948 0000000000000000 0000000000000000 00000001401EE748
000000001B00001B 0000000077A45628 0000000000000000 0000000000000074
000007FEFDC27291 0000000000000000 0000000000247930 0000000000000000
00000001401DF388 0000000000247948 0000000000424180 0000000000000000
000007FEFBEC0000 00000000778E65B6 0000000000740073 000000000012F030
0000000000247930 0000000000000000 0000000000424180 0000000000000000
0000000000000000 000007FEFC0AFDB8 00000001401EE748 000007FEFBF32BE6
0000000000000003 000007FEFBEC0000 0000000000000001 0000000000000010
0000000000000000 000007FEFC0AFDB8 6F646E69575C3A43 78536E69575C7377
5F3436646D615C53 666F736F7263696D 0000000077B05410 0000000000000000
0000000000002440 00000000001F0000 00000000002477C0 0000000000002438
00000000001F6B68 0000000077A43518 00000000001F0000 2E73756C00000002
0000000000002438 0000000000002440 00000000001F6B68 000000000012F1A0
0000000000247930 0000000000000000 0000000077A0C000 0000000000247948
0000C318DDE38042 0000000000000000 00000000002477C0 000000014012129A
0000000000000000 00000000002477C0 00000001401DF388 0000000000247948
0000000000000001 0000000000423E20 00000001401EE748 000007FEFDCB3243
FFFFFFFFFFFFFFFE 0000000000000001 0000000000000001 000007FEFBF32D56
000000000012F200 0000000000000000 00000000002477C0 0000000001900010
000000000012F300 000007FEFDCB31FB 00000000002516A0 0000000140161000
0000000000001000 0000000000002438 000000000012F200 00000000000000BD
0000C318DDE3BBD2 0000000140007A23 0000000000247930 0000000000000000
0000C318DDE39FD2 0000000000247948 00000000002477C0 000000014011E8FE
0000000000000040 00000000002516A0 0000000001900010 00000000002477C0
0000000015000015 00000000001F0230 00000000002516A0 FFFFFFFFFFFFFFFE
00000000002477C0 00000000001F0000 0000000000247FC0 0000000000000000
00000000001F0000 000000000012F348 0000000077B05401 0000000000000002
00000000000001CC 0000000077B05430 00000000001F0000 0000000000000000
0000000000000000 0000000077A21E36 00000000002477B0 00000000001F0000
0000000077B05400 0000000000000281 0000000000000003 0000000077A47D70
0000000000130000 0000000015000015 0000000000003064 0000000000000000
0000000077A47B30 000000000012F450 0000000006000006 00000000001F0158
00000000001F0000 0000000077A21C80 000007FFFFFDF000 000007FFFFFDD000
0000000000000002 0000000000000281 000000000012F438 0000000077A47BF9
65762067734D5049 36782831352E3472 0000000000002934 0000000000120000
00000000002477B0 00000000002477C0 0000000000000000 0000000000120015
0000000000131C44 0000000000810000 0000000000000001 000000000012F4D0
0000000000000E8C 0000000077A48956 73726573555C3A43 6F445C595649445C
0073746E656D7563 00000000002477B0 00000000002477C0 00000000001F0158
00000000002477B0 0000000077A4413D 00000000001F0000 00000000000000B5
0000000000000000 00000000002477C0 00000000000001CC 0000000100000020
0000000000000000 0000000300000003 00000000000003FF 00000000000000B5
0000000000000000 0000000000060117 0000000000000000 000000000021CE90
0000000000242820 00000000777DFC15 000000000012F670 000000000021CE90
000000000021CE90 00000000777DA57F 00000000000000B5 0000000000000000
0000000100180016 00000000001F4E80 00000000001F4E80 00000000002477C0
0000000000000000 0000000000000010 0000000000000000 0000000077A1ECD1
0000000000000001 0000000000000000 0000000000000000 000000000012F538
0000000000000000 00000000001F0158 0000000000000000 0000000140000128
0000000000000008 00000000001F4E80 000000000000C105 00000000001F0000
---- reg point info ----
    00000000 00000000 00000000 00000000 00000000 00000000 19e89e66 efcd0208
Rcx 40d5adfc fe070000 01000000 00000000 70582600 00000000 ffffffff 00000000
    00000000 00000000 00000000 00000000 00000000 00000000 01000000 00000000

    ffffffff 01000000 00000000 02000000 b8aa49dc 248c0000 4755b623 db73ffff
Rsi f844affc fe070000 48ecadfc fe070000 0000a5fc fe070000 00000000 00000000
    00000000 00000000 00000000 00000000 00000000 00000000 00000000 00000000

    00000000 00000000 70ee1200 00000000 c0772400 00000000 505d4d00 00000000
Rbp 00000000 00000000 00000000 00000000 9e6b0040 01000000 01000000 00000000
    00071b40 01000000 00000000 00000000 00000000 00000000 c8ee1200 00000000

    09000000 00000000 60ed1200 00000000 00000000 00000000 00000000 00000000
Rsp d0fe3000 00000000 fe73a5fc fe070000 00000000 00000000 78ee1200 00000000
    78ee1200 00000000 00000000 00000000 d0fe3000 00000000 d52fa9fc fe070000

    00000000 00000000 00000000 00000000 00000000 00000000 0cb1fd00 b9000090
R8  00000000 00000000 e0fe3000 00000000 e024b277 00000000 00582600 00000000
    00000000 00000000 00000000 00000000 00000000 00000000 00b1fd00 b9000090

    00000000 00000000 00000000 00000000 00000000 00000000 00000000 00000000
R10 04003300 00000000 b17c2700 00000000 00000000 00000000 00000000 00000000
    00000000 00000000 00000000 00000000 00000000 00000000 00000000 00000000

    00000000 00000000 0cb1fd00 b9000090 00000000 00000000 e0fe3000 00000000
R11 e024b277 00000000 00582600 00000000 00000000 00000000 00000000 00000000
    00000000 00000000 00b1fd00 b9000090 00000000 61006c00 f0d72600 00000000

    00000000 00fbff00 18792400 00000000 18792400 00000000 00000000 00000000
R15 30792400 00000000 30792400 00000000 00000000 00000000 01000000 01000000
    00000000 00000000 20252300 00000000 00000000 00000000 ffffffff 00000000

    90909090 90909090 9048895c 24084889 6c241048 89742418 574883ec 30488bfa
Rip 488b5208 488bf14c 8d41408b 4f04e8f6 02000048 8d2d3713 06008bd8 85c0795f
    488b0d2a 13060048 3bcd0f84 98000000 f6411c08 741c488b 49104c8d 05089d04

------------------------

------ IPMsg ver4.51(x64) -----
 Date        : 2009/01/01 21:04:09
 Start       : 2009/01/01 21:04:08
 OS Infos    : 06/01/1db1/01/00/100
 Mod Addr    : 0000000140000000
 Code/Adr/DC : C0000005 / 000007FEFBE53127 / 0000000000000070
 AX/BX/CX/DX : 0000000000000001 / 0000000000000000 / 000000000034FED0 / 0000000000000000
 SI/DI/BP/SP : 000007FEFBEB4478 / 0000000000000000 / 000000000012EE78 / 000000000012ED60
 08/09/10/11 : 00000000002A5870 / 0000000000000012 / 0000000076EE7C50 / 00000000002A5880
 12/13/14/15 : 0000000000000000 / 0000000000000000 / 0000000000000000 / 0000000000287930
 BT/BF/ET/EF : 0000000000000000 / 0000000000000000 / 0000000000000000 / 0000000000000000
------- pre stack info -----
0000000000000000 0000000000000000 000005C0FFFFFB30 000004D0FFFFFB30
00000000000000F0 0000000000000000 00000000C0000005 0000000000000000
000007FEFBE53127 0000000000000002 0000000000000000 0000000000000008
0000000000000000 0000000000000000 0000000000000000 0000000000000000
0000000000000000 0000000000000000 0000000000000000 0000000000000000
0000000000000000 0000000000000000 0000000000000000 0000000000000000
0000000000000000 000007FEFBE530B7 000007FEFBE53127 0000000000000000
0000000000000009 000000000012ED60 0000000000000000 0000000000000000
------- stack info -----
000000000034FED0 000007FEFBE173FE 0000000000000000 000000000012EE78
000000000012EE78 0000000000000000 000000000034FED0 000007FEFBE52FD5
0000000000000000 000000000012EE78 000007FEFBEB4478 000000000012EDA0
0000000000000001 000000000012ED90 000007FEFBEB4478 000007FEFBE53B9A
0000000000000000 000000000012F300 000000000012EE78 0000000000000000
0000000000000000 0000000000000000 0000000000000000 000000000012EED0
0000000000287948 000000000012EED0 0000000000000000 0000000140006C6B
0000000000000000 000007FEFBE37654 0000000000505D58 0000000000000000
000000000012EE70 00000000002877C0 0000000000505D50 0000000000000000
0000000000000000 0000000140006B9E 0000000000000001 00000001401B0700
0000000000000000 0000000000000000 000000000012EEC8 70415C595649445C
6F4C5C6176E03518 0000000000505D50 2E67736D70690067 0000000000657865
00000000022F0298 0000000076E03518 00000000022F0000 0000000000000002
0000000000000018 0000000000000020 00000000022F0298 000000000012F000
0000000000287948 0000000000000000 0000000000000000 00000001401EE748
000000001B00001B 0000000076E05628 0000000000000000 0000000000000074
000007FEFD106247 0000000000000000 0000000000287930 0000000000000000
00000001401DF388 0000000000287948 00000000022F4180 0000000000000000
000007FEFB280000 0000000076BA65B6 0000000000740073 000000000012F030
0000000000287930 0000000000000000 00000000022F4180 0000000000000000
0000000000000000 000007FEFB46FDB8 00000001401EE748 000007FEFB2F2BE6
0000000000000003 000007FEFB280000 0000000000000001 0000000000000010
0000000000000000 000007FEFB46FDB8 6F646E69575C3A43 78536E69575C7377
5F3436646D615C53 666F736F7263696D 0000000076EC5410 0000000000000000
0000000000002440 0000000000230000 00000000002877C0 0000000000002438
0000000000236B68 0000000076E03518 0000000000230000 2E73756C00000002
0000000000002438 0000000000002440 0000000000236B68 000000000012F1A0
0000000000287930 0000000000000000 0000000076FCDF00 0000000000287948
000004506440C48A 0000000000000000 00000000002877C0 000000014012129A
0000000000000000 00000000002877C0 00000001401DF388 0000000000287948
0000000000000001 00000000022F3E20 00000001401EE748 000007FEFCFD3243
FFFFFFFFFFFFFFFE 0000000000000001 0000000000000001 000007FEFB2F2D56
000000000012F200 0000000000000000 00000000002877C0 0000000001900010
000000000012F300 000007FEFCFD31FB 00000000002916A0 0000000140161000
0000000000001000 0000000000002438 000000000012F200 00000000000000BD
000004506440FF1A 0000000140007A23 0000000000287930 0000000000000000
000004506440DB1A 0000000000287948 00000000002877C0 000000014011E8FE
0000000000000040 00000000002916A0 0000000001900010 00000000002877C0
0000000015000015 0000000000230230 00000000002916A0 FFFFFFFFFFFFFFFE
00000000002877C0 0000000000230000 0000000000287FC0 0000000000000000
0000000000230000 000000000012F348 0000000076EC5401 0000000000000002
00000000000001CC 0000000076EC5430 0000000000230000 0000000000000000
0000000000000000 0000000076DE1E36 00000000002877B0 0000000000230000
0000000076EC5400 0000000000000281 0000000000000003 0000000076E07D70
0000000000130000 0000000015000015 0000000000003064 0000000000000000
0000000076E07B30 000000000012F450 0000000006000006 0000000000230158
0000000000230000 0000000076DE1C80 000007FFFFFDA000 000007FFFFFDE000
0000000000000002 0000000000000281 000000000012F438 0000000076E07BF9
65762067734D5049 36782831352E3472 0000000000002934 0000000000120000
00000000002877B0 00000000002877C0 0000000000000000 0000000000120015
0000000000131C44 0000000000810000 0000000000000001 000000000012F4D0
0000000000000E8C 0000000076E08956 73726573555C3A43 6F445C595649445C
0073746E656D7563 00000000002877B0 00000000002877C0 0000000000230158
00000000002877B0 0000000076E0413D 0000000000230000 00000000000000B5
0000000000000000 00000000002877C0 00000000000001CC 0000000100000020
0000000000000000 0000000300000003 00000000000003FF 00000000000000B5
0000000000000000 0000000000010165 0000000000000000 000000000025CE90
0000000000282820 0000000076CBFC15 000000000012F670 000000000025CE90
000000000025CE90 0000000076CBA57F 00000000000000B5 0000000000000000
0000000100180016 0000000000234E80 0000000000234E80 00000000002877C0
0000000000000000 0000000000000010 0000000000000000 0000000076DDECD1
0000000000000001 0000000000000000 0000000000000000 000000000012F538
0000000000000000 0000000000230158 0000000000000000 0000000140000128
0000000000000008 0000000000234E80 000000000000C102 0000000000230000
---- reg point info ----
    00000000 00000000 00000000 00000000 00000000 00000000 6eedb51b a0740208
Rcx 40d5e9fb fe070000 01000000 00000000 70582a00 00000000 ffffffff 00000000
    00000000 00000000 00000000 00000000 00000000 00000000 01000000 00000000

    ffffffff 01000000 00000000 02000000 d7622a65 266c0000 289dd59a d993ffff
Rsi f844ebfb fe070000 48ece9fb fe070000 0000e1fb fe070000 00000000 00000000
    00000000 00000000 00000000 00000000 00000000 00000000 00000000 00000000

    00000000 00000000 70ee1200 00000000 c0772800 00000000 505d5000 00000000
Rbp 00000000 00000000 00000000 00000000 9e6b0040 01000000 01000000 00000000
    00071b40 01000000 00000000 00000000 00000000 00000000 c8ee1200 00000000

    09000000 00000000 60ed1200 00000000 00000000 00000000 00000000 00000000
Rsp d0fe3400 00000000 fe73e1fb fe070000 00000000 00000000 78ee1200 00000000
    78ee1200 00000000 00000000 00000000 d0fe3400 00000000 d52fe5fb fe070000

    00000000 00000000 00000000 00000000 00000000 00000000 a2579623 84000090
R8  00000000 00000000 e0fe3400 00000000 e024ee76 00000000 00582a00 00000000
    00000000 00000000 00000000 00000000 00000000 00000000 ae579623 84000090

    00000000 00000000 00000000 00000000 00000000 00000000 00000000 00000000
R10 04003300 00000000 b17c2b00 00000000 00000000 00000000 00000000 00000000
    00000000 00000000 00000000 00000000 00000000 00000000 00000000 00000000

    00000000 00000000 a2579623 84000090 00000000 00000000 e0fe3400 00000000
R11 e024ee76 00000000 00582a00 00000000 00000000 00000000 00000000 00000000
    00000000 00000000 ae579623 84000090 00000000 61006c00 f0d72a00 00000000

    00000000 00fbff00 18792800 00000000 18792800 00000000 00000000 00000000
R15 30792800 00000000 30792800 00000000 00000000 00000000 01000000 01000000
    00000000 00000000 20252700 00000000 00000000 00000000 ffffffff 00000000

    90909090 90909090 9048895c 24084889 6c241048 89742418 574883ec 30488bfa
Rip 488b5208 488bf14c 8d41408b 4f04e8f6 02000048 8d2d3713 06008bd8 85c0795f
    488b0d2a 13060048 3bcd0f84 98000000 f6411c08 741c488b 49104c8d 05089d04

------------------------

